[35m[1mScanning dependencies of target tracking_lib[0m
[  9%] [32mBuilding CXX object CMakeFiles/tracking_lib.dir/src/hm_tracking_worker.cpp.o[0m
[ 18%] [32mBuilding CXX object CMakeFiles/tracking_lib.dir/src/filters/robust_kalman_filter.cpp.o[0m
[ 27%] [32mBuilding CXX object CMakeFiles/tracking_lib.dir/src/distances/tracker_obsv_distance.cpp.o[0m
[ 36%] [32mBuilding CXX object CMakeFiles/tracking_lib.dir/src/trackers/multi_object_tracker.cpp.o[0m
[ 45%] [32mBuilding CXX object CMakeFiles/tracking_lib.dir/src/matchers/hungarian_tracker_obsv_matcher.cpp.o[0m
[ 54%] [32mBuilding CXX object CMakeFiles/tracking_lib.dir/src/trackers/object_tracker.cpp.o[0m
[ 63%] [32m[1mLinking CXX shared library /home/master/sl_ws/lidar_perception/devel/.private/tracking_lib/lib/libtracking_lib.so[0m
[ 63%] Built target tracking_lib
[35m[1mScanning dependencies of target tracking_lib_tracking_node[0m
[35m[1mScanning dependencies of target tracking_lib_detection_node[0m
[ 72%] [32mBuilding CXX object samples/CMakeFiles/tracking_lib_tracking_node.dir/tracking_node.cpp.o[0m
[ 81%] [32mBuilding CXX object samples/CMakeFiles/tracking_lib_detection_node.dir/detection_node.cpp.o[0m
In file included from [01m[K/opt/ros/kinetic/include/ros/ros.h:40:0[m[K,
                 from [01m[K/opt/ros/kinetic/include/pcl_conversions/pcl_conversions.h:42[m[K,
                 from [01m[K/home/master/sl_ws/lidar_perception/src/tracking_lib/samples/tracking_node.cpp:6[m[K:
[01m[K/home/master/sl_ws/lidar_perception/src/tracking_lib/samples/tracking_node.cpp:[m[K In function ‘[01m[Kvoid OnSegmentClouds(const PointCloud2ArrayConstPtr&)[m[K’:
[01m[K/opt/ros/kinetic/include/ros/console.h:346:176:[m[K [01;35m[Kwarning: [m[Kformat ‘[01m[K%d[m[K’ expects argument of type ‘[01m[Kint[m[K’, but argument 8 has type ‘[01m[Kstd::vector<sensor_msgs::PointCloud2_<std::allocator<void> >, std::allocator<sensor_msgs::PointCloud2_<std::allocator<void> > > >::size_type {aka long unsigned int}[m[K’ [-Wformat=]
     ::ros::console::print(filter, __rosconsole_define_location__loc.logger_, __rosconsole_define_location__loc.level_, __FILE__, __LINE__, __ROSCONSOLE_FUNCTION__, __VA_ARGS__)
[01;32m[K                                                                                                                                                                                ^[m[K
[01m[K/opt/ros/kinetic/include/ros/console.h:349:5:[m[K [01;36m[Knote: [m[Kin expansion of macro ‘[01m[KROSCONSOLE_PRINT_AT_LOCATION_WITH_FILTER[m[K’
     ROSCONSOLE_PRINT_AT_LOCATION_WITH_FILTER(0, __VA_ARGS__)
[01;32m[K     ^[m[K
[01m[K/opt/ros/kinetic/include/ros/console.h:379:7:[m[K [01;36m[Knote: [m[Kin expansion of macro ‘[01m[KROSCONSOLE_PRINT_AT_LOCATION[m[K’
       ROSCONSOLE_PRINT_AT_LOCATION(__VA_ARGS__); \
[01;32m[K       ^[m[K
[01m[K/opt/ros/kinetic/include/ros/console.h:561:35:[m[K [01;36m[Knote: [m[Kin expansion of macro ‘[01m[KROS_LOG_COND[m[K’
 #define ROS_LOG(level, name, ...) ROS_LOG_COND(true, level, name, __VA_ARGS__)
[01;32m[K                                   ^[m[K
[01m[K/opt/ros/kinetic/include/rosconsole/macros_generated.h:110:23:[m[K [01;36m[Knote: [m[Kin expansion of macro ‘[01m[KROS_LOG[m[K’
 #define ROS_INFO(...) ROS_LOG(::ros::console::levels::Info, ROSCONSOLE_DEFAULT_NAME, __VA_ARGS__)
[01;32m[K                       ^[m[K
[01m[K/home/master/sl_ws/lidar_perception/src/tracking_lib/samples/tracking_node.cpp:54:5:[m[K [01;36m[Knote: [m[Kin expansion of macro ‘[01m[KROS_INFO[m[K’
     ROS_INFO("Clusters size: %d at %lf.", segments_msg->clouds.size(),
[01;32m[K     ^[m[K
In file included from [01m[K/home/master/sl_ws/lidar_perception/src/tracking_lib/include/tracking/tracking_worker_manager.hpp:10:0[m[K,
                 from [01m[K/home/master/sl_ws/lidar_perception/src/tracking_lib/samples/tracking_node.cpp:24[m[K:
[01m[K/home/master/sl_ws/lidar_perception/src/tracking_lib/include/tracking/base_tracking_worker.h:[m[K At global scope:
[01m[K/home/master/sl_ws/lidar_perception/src/tracking_lib/include/tracking/base_tracking_worker.h:66:50:[m[K [01;35m[Kwarning: [m[Kinline function ‘[01m[Kvirtual const std::vector<std::shared_ptr<autosense::Object> >& autosense::tracking::BaseTrackingWorker::collectTrackingObjectsInWorld() const[m[K’ used but never defined
     virtual inline const std::vector<ObjectPtr> &collectTrackingObjectsInWorld()
[01;32m[K                                                  ^[m[K
[01m[K/home/master/sl_ws/lidar_perception/src/tracking_lib/include/tracking/base_tracking_worker.h:63:56:[m[K [01;35m[Kwarning: [m[Kinline function ‘[01m[Kvirtual const std::map<unsigned int, std::vector<Eigen::Matrix<float, 3, 1> > >& autosense::tracking::BaseTrackingWorker::collectTrajectories() const[m[K’ used but never defined
     virtual inline const std::map<IdType, Trajectory> &collectTrajectories()
[01;32m[K                                                        ^[m[K
[ 90%] [32m[1mLinking CXX executable /home/master/sl_ws/lidar_perception/devel/.private/tracking_lib/lib/tracking_lib/tracking_lib_detection_node[0m
[ 90%] Built target tracking_lib_detection_node
[100%] [32m[1mLinking CXX executable /home/master/sl_ws/lidar_perception/devel/.private/tracking_lib/lib/tracking_lib/tracking_lib_tracking_node[0m
[100%] Built target tracking_lib_tracking_node
